android/app/proguard-rules.pro
# Add project specific ProGuard rules here.
# You can control the set of applied configuration files using the
# proguardFiles setting in build.gradle.
#
# For more details, see
#   http://developer.android.com/guide/developing/tools/proguard.html

# If your project uses WebView with JS, uncomment the following
# and specify the fully qualified class name to the JavaScript interface
# class:
#-keepclassmembers class fqcn.of.javascript.interface.for.webview {
#   public *;
#}

# Uncomment this to preserve the line number information for
# debugging stack traces.
#-keepattributes SourceFile,LineNumberTable

# If you keep the line number information, uncomment this to
# hide the original source file name.
#-renamesourcefileattribute SourceFile

# NFC Manager specific rules for native Android
-keep class com.dxbmark.nfcmanager.** { *; }

# Android NFC specific rules
-keep class android.nfc.** { *; }

# Keep native methods
-keepclasseswithmembernames class * {
    native <methods>;
}

# Keep enums
-keepclassmembers enum * {
    public static **[] values();
    public static ** valueOf(java.lang.String);
}

# Keep Parcelables
-keep class * implements android.os.Parcelable {
  public static final android.os.Parcelable$Creator *;
}

# Keep Serializable classes
-keepnames class * implements java.io.Serializable
-keepclassmembers class * implements java.io.Serializable {
    static final long serialVersionUID;
    private static final java.io.ObjectStreamField[] serialPersistentFields;
    !static !transient <fields>;
    !private <fields>;
    !private <methods>;
    private void writeObject(java.io.ObjectOutputStream);
    private void readObject(java.io.ObjectInputStream);
    java.lang.Object writeReplace();
    java.lang.Object readResolve();
}

# Security: Remove logging in release builds
-assumenosideeffects class android.util.Log {
    public static boolean isLoggable(java.lang.String, int);
    public static int v(...);
    public static int i(...);
    public static int w(...);
    public static int d(...);
    public static int e(...);
}

# Security: Remove console logs
-assumenosideeffects class java.io.PrintStream {
     public void println(%);
     public void println(**);
}

# Obfuscate class names but keep public API
-keepattributes InnerClasses
-keepattributes EnclosingMethod

# Keep JavaScript interface
-keepclassmembers class * {
    @android.webkit.JavascriptInterface <methods>;
}

# Privacy protection: Remove debug information
-printmapping mapping.txt
-verbose