android/app/mapping.txt
# compiler: R8
# compiler_version: 8.13.6
# min_api: 30
# common_typos_disable
# {"id":"com.android.tools.r8.mapping","version":"2.2"}
# pg_map_id: 9f1189e30058913a84f93ea79117f600fd90cb4c1d2e5a87f1a794bfd94267cf
# pg_map_hash: SHA-256 9f1189e30058913a84f93ea79117f600fd90cb4c1d2e5a87f1a794bfd94267cf
...
androidx.appcompat.widget.AppCompatTextViewAutoSizeHelper$Impl -> androidx.appcompat.widget.u$f:
# {"id":"sourceFile","fileName":"AppCompatTextViewAutoSizeHelper.java"}
    1:4:void <init>():114:114 -> <init>
    void computeAndSetTextDirection(android.text.StaticLayout$Builder,android.widget.TextView) -> a
    boolean isHorizontallyScrollable(android.widget.TextView) -> b
androidx.appcompat.widget.AppCompatTextViewAutoSizeHelper$Impl23 -> androidx.appcompat.widget.u$d:
# {"id":"sourceFile","fileName":"AppCompatTextViewAutoSizeHelper.java"}
    1:4:void <init>():126:126 -> <init>
androidx.appcompat.widget.AppCompatTextViewAutoSizeHelper$Impl29 -> androidx.appcompat.widget.u$e:
# {"id":"sourceFile","fileName":"AppCompatTextViewAutoSizeHelper.java"}
    1:4:void <init>():140:140 -> <init>
    1:8:void computeAndSetTextDirection(android.text.StaticLayout$Builder,android.widget.TextView):150:150 -> a
    1:5:boolean isHorizontallyScrollable(android.widget.TextView):144:144 -> b
androidx.appcompat.widget.ButtonBarLayout -> androidx.appcompat.widget.ButtonBarLayout:
# {"id":"sourceFile","fileName":"ButtonBarLayout.java"}
    boolean mAllowStacking -> c
    boolean mStacked -> n
    int mLastWidthSize -> o
    1:4:void <init>(android.content.Context,android.util.AttributeSet):53:53 -> <init>
    5:6:void <init>(android.content.Context,android.util.AttributeSet):50:50 -> <init>
    7:12:void <init>(android.content.Context,android.util.AttributeSet):54:54 -> <init>
    13:22:void <init>(android.content.Context,android.util.AttributeSet):55:55 -> <init>
    23:31:void <init>(android.content.Context,android.util.AttributeSet):57:57 -> <init>
    32:34:void <init>(android.content.Context,android.util.AttributeSet):58:58 -> <init>
    35:40:void <init>(android.content.Context,android.util.AttributeSet):62:62 -> <init>
    41:46:void <init>(android.content.Context,android.util.AttributeSet):63:63 -> <init>
    1:6:int getNextVisibleChildIndex(int):156:156 -> a
    7:22:int getNextVisibleChildIndex(int):157:157 -> a
    1:3:boolean isStacked():186:186 -> b
    1:4:void onMeasure(int,int):79:79 -> onMeasure
    5:9:void onMeasure(int,int):81:81 -> onMeasure
    10:19:void onMeasure(int,int):82:82 -> onMeasure
    20:22:void onMeasure(int,int):84:84 -> onMeasure
    23:24:void onMeasure(int,int):87:87 -> onMeasure
    25:41:void onMeasure(int,int):96:96 -> onMeasure
    42:49:void onMeasure(int,int):97:97 -> onMeasure
androidx.appcompat.widget.ContentFrameLayout -> androidx.appcompat.widget.ContentFrameLayout:
# {"id":"sourceFile","fileName":"ContentFrameLayout.java"}
    android.util.TypedValue mMinWidthMajor -> c
    android.util.TypedValue mMinWidthMinor -> n
    android.util.TypedValue mFixedWidthMajor -> o
    android.util.TypedValue mFixedWidthMinor -> p
    android.util.TypedValue mFixedHeightMajor -> q
    android.util.TypedValue mFixedHeightMinor -> r
    android.graphics.Rect mDecorPadding -> s
    1:1:void <init>(android.content.Context,android.util.AttributeSet):64:64 -> <init>
    2:3:void <init>(android.content.Context,android.util.AttributeSet,int):69:70 -> <init>
    1:11:android.util.TypedValue getFixedHeightMajor():197:197 -> getFixedHeightMajor
    12:14:android.util.TypedValue getFixedHeightMajor():198:198 -> getFixedHeightMajor
    1:11:android.util.TypedValue getFixedHeightMinor():202:202 -> getFixedHeightMinor
    12:14:android.util.TypedValue getFixedHeightMinor():203:203 -> getFixedHeightMinor
    1:11:android.util.TypedValue getFixedWidthMajor():187:187 -> getFixedWidthMajor
    12:14:android.util.TypedValue getFixedWidthMajor():188:188 -> getFixedWidthMajor
    1:11:android.util.TypedValue getFixedWidthMinor():192:192 -> getFixedWidthMinor
    12:14:android.util.TypedValue getFixedWidthMinor():193:193 -> getFixedWidthMinor
    1:11:android.util.TypedValue getMinWidthMajor():177:177 -> getMinWidthMajor